<?xml version="1.0" encoding="UTF-8"?>
<!-- Generated by org.testng.reporters.JUnitReportReporter -->
<testsuite hostname="TVSPF3TYDPJ" failures="0" tests="1" name="testcases.TC_001_AccountRegistration" time="5.968" errors="0" timestamp="2024-05-20T14:12:30 PKT" skipped="0">
  <testcase classname="testcases.TC_001_AccountRegistration" name="verify_account_registration" time="5.968"/>
</testsuite> <!-- testcases.TC_001_AccountRegistration -->
