<?xml version="1.0" encoding="UTF-8"?>
<!-- Generated by org.testng.reporters.JUnitReportReporter -->
<testsuite hostname="TVSPF3TYDPJ" failures="0" tests="1" name="testcases.TC_002_LoginTest" time="13.820" errors="0" timestamp="2024-07-09T18:12:36 PKT" skipped="0">
  <testcase classname="testcases.TC_002_LoginTest" name="verify_login" time="13.820"/>
</testsuite> <!-- testcases.TC_002_LoginTest -->
